SF:lib/src/curl_base.dart
DA:4,1
DA:5,0
DA:6,0
DA:7,3
DA:8,0
DA:9,3
DA:10,3
DA:11,3
DA:12,3
DA:13,3
DA:16,0
DA:17,0
DA:19,0
DA:20,0
DA:21,0
DA:22,0
DA:25,1
DA:26,2
DA:28,1
DA:30,2
DA:31,2
DA:32,2
DA:33,2
DA:34,3
DA:35,1
DA:36,2
DA:37,1
DA:38,1
DA:40,0
DA:41,0
DA:42,0
DA:44,1
DA:45,6
DA:46,1
DA:50,1
DA:54,1
DA:55,1
DA:56,1
DA:58,1
DA:60,1
DA:61,1
DA:62,1
DA:63,1
DA:65,7
DA:66,2
DA:67,2
DA:68,1
DA:70,1
DA:71,4
DA:72,2
DA:73,5
DA:74,1
DA:75,1
DA:76,1
DA:78,1
DA:79,2
DA:82,2
DA:83,3
DA:85,1
DA:86,4
DA:87,4
DA:88,4
DA:91,1
DA:92,1
DA:93,1
DA:94,1
LF:66
LH:54
end_of_record
